<?xml version='1.0' encoding='UTF-8'?>
<testsuite hostname="hoermast_MacOSX" name="lambdajam.ResultSpec" tests="12" errors="0" failures="1" time="1.778">
                     <properties>
[...]
</properties>
                     <testcase classname="lambdajam.ResultSpec" name="obey monad laws" time="0.482">
                                                 
                                               </testcase><testcase classname="lambdajam.ResultSpec" name="obey equal laws" time="0.406">
                                                 
                                               </testcase><testcase classname="lambdajam.ResultSpec" name="obey plus laws" time="0.376">
                                                 
                                               </testcase><testcase classname="lambdajam.ResultSpec" name="toEither should roundtrip" time="0.31">
                                                 
                                               </testcase><testcase classname="lambdajam.ResultSpec" name="getOrElse should always return value for Ok" time="0.024">
                                                 
                                               </testcase><testcase classname="lambdajam.ResultSpec" name="getOrElse should always return else for Error" time="0.026">
                                                 
                                               </testcase><testcase classname="lambdajam.ResultSpec" name="or returns first Ok" time="0.024">
                                                 
                                               </testcase><testcase classname="lambdajam.ResultSpec" name="or skips first Error" time="0.026">
                                                 
                                               </testcase><testcase classname="lambdajam.ResultSpec" name="setMessage on Ok is noop" time="0.019">
                                                 
                                               </testcase><testcase classname="lambdajam.ResultSpec" name="setMessage on Error always sets message" time="0.035">
                                                 
                                               </testcase><testcase classname="lambdajam.ResultSpec" name="addMessage on Ok is noop" time="0.023">
                                                 
                                               </testcase><testcase classname="lambdajam.ResultSpec" name="addMessage on Error always adds message, prepending to any existing messages" time="0.027">
                                                 <failure message="Falsified after 0 passed tests.
&gt; ARG_0: &quot;&quot;
&gt; ARG_1: &quot;&quot;
&gt; 'Left(: )' is Left but ': ' is not equal to ':'" type="java.lang.Exception">java.lang.Exception: Falsified after 0 passed tests.
&gt; ARG_0: &quot;&quot;
&gt; ARG_1: &quot;&quot;
&gt; 'Left(: )' is Left but ': ' is not equal to ':'
	at lambdajam.Test.check(Test.scala:20)
</failure>
                                               </testcase>
                     <system-out></system-out>
                     <system-err></system-err>
                   </testsuite>